<?xml version="1.0" encoding="UTF-8"?>
<!-- Generated by org.testng.reporters.JUnitReportReporter -->
<testsuite skipped="0" hostname="TYSS-Prem" name="bikes.TC_Bikes_004_Test" tests="1" failures="0" timestamp="2023-01-20T17:35:30 IST" time="3.051" errors="0">
  <testcase name="openingBikes" time="3.051" classname="bikes.TC_Bikes_004_Test"/>
  <system-out/>
</testsuite> <!-- bikes.TC_Bikes_004_Test -->
