<?xml version="1.0" encoding="UTF-8"?>
<!-- Generated by org.testng.reporters.JUnitReportReporter -->
<testsuite skipped="0" hostname="TYSS-Prem" name="demo.ZomatoTest" tests="1" failures="0" timestamp="19 Jan 2023 10:30:20 GMT" time="7.558" errors="0">
  <testcase name="launchBrowser" time="7.558" classname="demo.ZomatoTest"/>
</testsuite> <!-- demo.ZomatoTest -->
